{"/home/varaprasadh/workspace-varaprasadh/testing/util.js": {"path":"/home/varaprasadh/workspace-varaprasadh/testing/util.js","statementMap":{"0":{"start":{"line":1,"column":19},"end":{"line":4,"column":1}},"1":{"start":{"line":2,"column":4},"end":{"line":2,"column":52}},"2":{"start":{"line":2,"column":38},"end":{"line":2,"column":52}},"3":{"start":{"line":3,"column":4},"end":{"line":3,"column":15}},"4":{"start":{"line":5,"column":15},"end":{"line":8,"column":1}},"5":{"start":{"line":6,"column":4},"end":{"line":6,"column":46}},"6":{"start":{"line":6,"column":32},"end":{"line":6,"column":46}},"7":{"start":{"line":7,"column":4},"end":{"line":7,"column":15}},"8":{"start":{"line":10,"column":13},"end":{"line":13,"column":1}},"9":{"start":{"line":11,"column":4},"end":{"line":11,"column":43}},"10":{"start":{"line":11,"column":23},"end":{"line":11,"column":43}},"11":{"start":{"line":12,"column":4},"end":{"line":12,"column":21}},"12":{"start":{"line":15,"column":0},"end":{"line":17,"column":1}}},"fnMap":{"0":{"name":"(anonymous_0)","decl":{"start":{"line":1,"column":19},"end":{"line":1,"column":20}},"loc":{"start":{"line":1,"column":26},"end":{"line":4,"column":1}},"line":1},"1":{"name":"(anonymous_1)","decl":{"start":{"line":5,"column":15},"end":{"line":5,"column":16}},"loc":{"start":{"line":5,"column":22},"end":{"line":8,"column":1}},"line":5},"2":{"name":"(anonymous_2)","decl":{"start":{"line":10,"column":13},"end":{"line":10,"column":14}},"loc":{"start":{"line":10,"column":26},"end":{"line":13,"column":1}},"line":10}},"branchMap":{"0":{"loc":{"start":{"line":2,"column":4},"end":{"line":2,"column":52}},"type":"if","locations":[{"start":{"line":2,"column":4},"end":{"line":2,"column":52}},{"start":{"line":2,"column":4},"end":{"line":2,"column":52}}],"line":2},"1":{"loc":{"start":{"line":2,"column":8},"end":{"line":2,"column":36}},"type":"binary-expr","locations":[{"start":{"line":2,"column":8},"end":{"line":2,"column":20}},{"start":{"line":2,"column":24},"end":{"line":2,"column":36}}],"line":2},"2":{"loc":{"start":{"line":2,"column":45},"end":{"line":2,"column":51}},"type":"binary-expr","locations":[{"start":{"line":2,"column":45},"end":{"line":2,"column":46}},{"start":{"line":2,"column":50},"end":{"line":2,"column":51}}],"line":2},"3":{"loc":{"start":{"line":6,"column":4},"end":{"line":6,"column":46}},"type":"if","locations":[{"start":{"line":6,"column":4},"end":{"line":6,"column":46}},{"start":{"line":6,"column":4},"end":{"line":6,"column":46}}],"line":6},"4":{"loc":{"start":{"line":6,"column":7},"end":{"line":6,"column":30}},"type":"binary-expr","locations":[{"start":{"line":6,"column":7},"end":{"line":6,"column":17}},{"start":{"line":6,"column":20},"end":{"line":6,"column":30}}],"line":6},"5":{"loc":{"start":{"line":6,"column":39},"end":{"line":6,"column":45}},"type":"binary-expr","locations":[{"start":{"line":6,"column":39},"end":{"line":6,"column":40}},{"start":{"line":6,"column":44},"end":{"line":6,"column":45}}],"line":6},"6":{"loc":{"start":{"line":11,"column":4},"end":{"line":11,"column":43}},"type":"if","locations":[{"start":{"line":11,"column":4},"end":{"line":11,"column":43}},{"start":{"line":11,"column":4},"end":{"line":11,"column":43}}],"line":11},"7":{"loc":{"start":{"line":11,"column":7},"end":{"line":11,"column":21}},"type":"binary-expr","locations":[{"start":{"line":11,"column":7},"end":{"line":11,"column":12}},{"start":{"line":11,"column":16},"end":{"line":11,"column":21}}],"line":11},"8":{"loc":{"start":{"line":11,"column":30},"end":{"line":11,"column":42}},"type":"binary-expr","locations":[{"start":{"line":11,"column":30},"end":{"line":11,"column":34}},{"start":{"line":11,"column":38},"end":{"line":11,"column":42}}],"line":11}},"s":{"0":1,"1":3,"2":2,"3":1,"4":1,"5":2,"6":1,"7":1,"8":1,"9":4,"10":3,"11":1,"12":1},"f":{"0":3,"1":2,"2":4},"b":{"0":[2,1],"1":[3,2],"2":[2,1],"3":[1,1],"4":[2,2],"5":[1,0],"6":[3,1],"7":[4,3],"8":[3,1]},"_coverageSchema":"1a1c01bbd47fc00a2c39e90264f33305004495a9","hash":"bbea91cd887f85a263fa532a2ef87b77c54c95d3"}
}
