TN:
SF:util.js
FN:1,(anonymous_0)
FN:5,(anonymous_1)
FN:10,(anonymous_2)
FNF:3
FNH:3
FNDA:3,(anonymous_0)
FNDA:2,(anonymous_1)
FNDA:4,(anonymous_2)
DA:1,1
DA:2,3
DA:3,1
DA:5,1
DA:6,2
DA:7,1
DA:10,1
DA:11,4
DA:12,1
DA:15,1
LF:10
LH:10
BRDA:2,0,0,2
BRDA:2,0,1,1
BRDA:2,1,0,3
BRDA:2,1,1,2
BRDA:2,2,0,2
BRDA:2,2,1,1
BRDA:6,3,0,1
BRDA:6,3,1,1
BRDA:6,4,0,2
BRDA:6,4,1,2
BRDA:6,5,0,1
BRDA:6,5,1,0
BRDA:11,6,0,3
BRDA:11,6,1,1
BRDA:11,7,0,4
BRDA:11,7,1,3
BRDA:11,8,0,3
BRDA:11,8,1,1
BRF:18
BRH:17
end_of_record
